{"D:\\bri-programacion\\LABORATORIA\\3er proyecto\\LIM014-mdlinks\\src\\index.js": {"path":"D:\\bri-programacion\\LABORATORIA\\3er proyecto\\LIM014-mdlinks\\src\\index.js","statementMap":{"0":{"start":{"line":1,"column":0},"end":{"line":3,"column":2}},"1":{"start":{"line":4,"column":13},"end":{"line":4,"column":28}},"2":{"start":{"line":5,"column":11},"end":{"line":5,"column":24}},"3":{"start":{"line":6,"column":15},"end":{"line":6,"column":32}},"4":{"start":{"line":16,"column":25},"end":{"line":24,"column":1}},"5":{"start":{"line":17,"column":2},"end":{"line":17,"column":42}},"6":{"start":{"line":18,"column":2},"end":{"line":21,"column":3}},"7":{"start":{"line":20,"column":4},"end":{"line":20,"column":17}},"8":{"start":{"line":23,"column":2},"end":{"line":23,"column":29}},"9":{"start":{"line":32,"column":15},"end":{"line":32,"column":53}},"10":{"start":{"line":32,"column":26},"end":{"line":32,"column":53}},"11":{"start":{"line":44,"column":23},"end":{"line":44,"column":66}},"12":{"start":{"line":44,"column":34},"end":{"line":44,"column":66}},"13":{"start":{"line":48,"column":21},"end":{"line":60,"column":1}},"14":{"start":{"line":49,"column":17},"end":{"line":49,"column":19}},"15":{"start":{"line":50,"column":2},"end":{"line":58,"column":3}},"16":{"start":{"line":51,"column":4},"end":{"line":51,"column":25}},"17":{"start":{"line":53,"column":26},"end":{"line":53,"column":47}},"18":{"start":{"line":54,"column":4},"end":{"line":57,"column":7}},"19":{"start":{"line":55,"column":23},"end":{"line":55,"column":45}},"20":{"start":{"line":56,"column":6},"end":{"line":56,"column":57}},"21":{"start":{"line":59,"column":2},"end":{"line":59,"column":18}},"22":{"start":{"line":66,"column":17},"end":{"line":66,"column":59}},"23":{"start":{"line":66,"column":29},"end":{"line":66,"column":58}},"24":{"start":{"line":70,"column":19},"end":{"line":85,"column":1}},"25":{"start":{"line":71,"column":20},"end":{"line":71,"column":22}},"26":{"start":{"line":72,"column":16},"end":{"line":72,"column":43}},"27":{"start":{"line":73,"column":2},"end":{"line":83,"column":3}},"28":{"start":{"line":74,"column":4},"end":{"line":76,"column":5}},"29":{"start":{"line":75,"column":6},"end":{"line":75,"column":30}},"30":{"start":{"line":78,"column":25},"end":{"line":78,"column":46}},"31":{"start":{"line":79,"column":4},"end":{"line":82,"column":7}},"32":{"start":{"line":80,"column":22},"end":{"line":80,"column":56}},"33":{"start":{"line":81,"column":6},"end":{"line":81,"column":48}},"34":{"start":{"line":84,"column":2},"end":{"line":84,"column":21}},"35":{"start":{"line":89,"column":19},"end":{"line":106,"column":1}},"36":{"start":{"line":90,"column":23},"end":{"line":90,"column":40}},"37":{"start":{"line":91,"column":19},"end":{"line":91,"column":40}},"38":{"start":{"line":92,"column":23},"end":{"line":92,"column":25}},"39":{"start":{"line":93,"column":2},"end":{"line":104,"column":5}},"40":{"start":{"line":94,"column":17},"end":{"line":94,"column":50}},"41":{"start":{"line":95,"column":4},"end":{"line":101,"column":6}},"42":{"start":{"line":96,"column":6},"end":{"line":100,"column":9}},"43":{"start":{"line":102,"column":4},"end":{"line":102,"column":31}},"44":{"start":{"line":105,"column":2},"end":{"line":105,"column":22}},"45":{"start":{"line":109,"column":0},"end":{"line":118,"column":2}}},"fnMap":{"0":{"name":"(anonymous_0)","decl":{"start":{"line":1,"column":17},"end":{"line":1,"column":18}},"loc":{"start":{"line":1,"column":23},"end":{"line":3,"column":1}},"line":1},"1":{"name":"(anonymous_1)","decl":{"start":{"line":16,"column":25},"end":{"line":16,"column":26}},"loc":{"start":{"line":16,"column":36},"end":{"line":24,"column":1}},"line":16},"2":{"name":"(anonymous_2)","decl":{"start":{"line":32,"column":15},"end":{"line":32,"column":16}},"loc":{"start":{"line":32,"column":26},"end":{"line":32,"column":53}},"line":32},"3":{"name":"(anonymous_3)","decl":{"start":{"line":44,"column":23},"end":{"line":44,"column":24}},"loc":{"start":{"line":44,"column":34},"end":{"line":44,"column":66}},"line":44},"4":{"name":"(anonymous_4)","decl":{"start":{"line":48,"column":21},"end":{"line":48,"column":22}},"loc":{"start":{"line":48,"column":32},"end":{"line":60,"column":1}},"line":48},"5":{"name":"(anonymous_5)","decl":{"start":{"line":54,"column":26},"end":{"line":54,"column":27}},"loc":{"start":{"line":54,"column":36},"end":{"line":57,"column":5}},"line":54},"6":{"name":"(anonymous_6)","decl":{"start":{"line":66,"column":17},"end":{"line":66,"column":18}},"loc":{"start":{"line":66,"column":29},"end":{"line":66,"column":58}},"line":66},"7":{"name":"(anonymous_7)","decl":{"start":{"line":70,"column":19},"end":{"line":70,"column":20}},"loc":{"start":{"line":70,"column":34},"end":{"line":85,"column":1}},"line":70},"8":{"name":"(anonymous_8)","decl":{"start":{"line":79,"column":25},"end":{"line":79,"column":26}},"loc":{"start":{"line":79,"column":35},"end":{"line":82,"column":5}},"line":79},"9":{"name":"(anonymous_9)","decl":{"start":{"line":89,"column":19},"end":{"line":89,"column":20}},"loc":{"start":{"line":89,"column":30},"end":{"line":106,"column":1}},"line":89},"10":{"name":"(anonymous_10)","decl":{"start":{"line":93,"column":23},"end":{"line":93,"column":24}},"loc":{"start":{"line":93,"column":37},"end":{"line":104,"column":3}},"line":93},"11":{"name":"(anonymous_11)","decl":{"start":{"line":95,"column":20},"end":{"line":95,"column":21}},"loc":{"start":{"line":95,"column":45},"end":{"line":101,"column":5}},"line":95}},"branchMap":{"0":{"loc":{"start":{"line":18,"column":2},"end":{"line":21,"column":3}},"type":"if","locations":[{"start":{"line":18,"column":2},"end":{"line":21,"column":3}},{"start":{"line":18,"column":2},"end":{"line":21,"column":3}}],"line":18},"1":{"loc":{"start":{"line":50,"column":2},"end":{"line":58,"column":3}},"type":"if","locations":[{"start":{"line":50,"column":2},"end":{"line":58,"column":3}},{"start":{"line":50,"column":2},"end":{"line":58,"column":3}}],"line":50},"2":{"loc":{"start":{"line":73,"column":2},"end":{"line":83,"column":3}},"type":"if","locations":[{"start":{"line":73,"column":2},"end":{"line":83,"column":3}},{"start":{"line":73,"column":2},"end":{"line":83,"column":3}}],"line":73},"3":{"loc":{"start":{"line":74,"column":4},"end":{"line":76,"column":5}},"type":"if","locations":[{"start":{"line":74,"column":4},"end":{"line":76,"column":5}},{"start":{"line":74,"column":4},"end":{"line":76,"column":5}}],"line":74}},"s":{"0":1,"1":1,"2":1,"3":1,"4":1,"5":2,"6":2,"7":1,"8":1,"9":1,"10":0,"11":1,"12":0,"13":1,"14":0,"15":0,"16":0,"17":0,"18":0,"19":0,"20":0,"21":0,"22":1,"23":0,"24":1,"25":0,"26":0,"27":0,"28":0,"29":0,"30":0,"31":0,"32":0,"33":0,"34":0,"35":1,"36":0,"37":0,"38":0,"39":0,"40":0,"41":0,"42":0,"43":0,"44":0,"45":1},"f":{"0":0,"1":2,"2":0,"3":0,"4":0,"5":0,"6":0,"7":0,"8":0,"9":0,"10":0,"11":0},"b":{"0":[1,1],"1":[0,0],"2":[0,0],"3":[0,0]},"_coverageSchema":"1a1c01bbd47fc00a2c39e90264f33305004495a9","hash":"69fcf103cbe440659f0c75a658d187c10288c1f5"}
}
